{
  "C:\\Projects\\Tasks\\questionnaire\\src\\components\\RadioButton\\RadioButton.jsx": {
    "path": "C:\\Projects\\Tasks\\questionnaire\\src\\components\\RadioButton\\RadioButton.jsx",
    "statementMap": {
      "0": {
        "start": {
          "line": 3,
          "column": 20
        },
        "end": {
          "line": 152,
          "column": 1
        }
      },
      "1": {
        "start": {
          "line": 33,
          "column": 2
        },
        "end": {
          "line": 151,
          "column": 4
        }
      }
    },
    "fnMap": {
      "0": {
        "name": "(anonymous_0)",
        "decl": {
          "start": {
            "line": 3,
            "column": 20
          },
          "end": {
            "line": 3,
            "column": 21
          }
        },
        "loc": {
          "start": {
            "line": 32,
            "column": 6
          },
          "end": {
            "line": 152,
            "column": 1
          }
        },
        "line": 32
      }
    },
    "branchMap": {
      "0": {
        "loc": {
          "start": {
            "line": 70,
            "column": 7
          },
          "end": {
            "line": 88,
            "column": 7
          }
        },
        "type": "binary-expr",
        "locations": [
          {
            "start": {
              "line": 70,
              "column": 7
            },
            "end": {
              "line": 70,
              "column": 13
            }
          },
          {
            "start": {
              "line": 71,
              "column": 8
            },
            "end": {
              "line": 87,
              "column": 14
            }
          }
        ],
        "line": 70
      },
      "1": {
        "loc": {
          "start": {
            "line": 89,
            "column": 7
          },
          "end": {
            "line": 107,
            "column": 7
          }
        },
        "type": "binary-expr",
        "locations": [
          {
            "start": {
              "line": 89,
              "column": 7
            },
            "end": {
              "line": 89,
              "column": 13
            }
          },
          {
            "start": {
              "line": 90,
              "column": 8
            },
            "end": {
              "line": 106,
              "column": 14
            }
          }
        ],
        "line": 89
      },
      "2": {
        "loc": {
          "start": {
            "line": 108,
            "column": 7
          },
          "end": {
            "line": 126,
            "column": 7
          }
        },
        "type": "binary-expr",
        "locations": [
          {
            "start": {
              "line": 108,
              "column": 7
            },
            "end": {
              "line": 108,
              "column": 13
            }
          },
          {
            "start": {
              "line": 109,
              "column": 8
            },
            "end": {
              "line": 125,
              "column": 14
            }
          }
        ],
        "line": 108
      },
      "3": {
        "loc": {
          "start": {
            "line": 127,
            "column": 7
          },
          "end": {
            "line": 145,
            "column": 7
          }
        },
        "type": "binary-expr",
        "locations": [
          {
            "start": {
              "line": 127,
              "column": 7
            },
            "end": {
              "line": 127,
              "column": 13
            }
          },
          {
            "start": {
              "line": 128,
              "column": 8
            },
            "end": {
              "line": 144,
              "column": 14
            }
          }
        ],
        "line": 127
      }
    },
    "s": {
      "0": 23,
      "1": 760
    },
    "f": {
      "0": 760
    },
    "b": {
      "0": [
        760,
        578
      ],
      "1": [
        760,
        388
      ],
      "2": [
        760,
        194
      ],
      "3": [
        760,
        194
      ]
    },
    "_coverageSchema": "1a1c01bbd47fc00a2c39e90264f33305004495a9",
    "hash": "3eef690853f154044814a83ad674a9bf63f0ed3f"
  },
  "C:\\Projects\\Tasks\\questionnaire\\src\\components\\Input\\Input.jsx": {
    "path": "C:\\Projects\\Tasks\\questionnaire\\src\\components\\Input\\Input.jsx",
    "statementMap": {
      "0": {
        "start": {
          "line": 3,
          "column": 14
        },
        "end": {
          "line": 35,
          "column": 1
        }
      },
      "1": {
        "start": {
          "line": 12,
          "column": 2
        },
        "end": {
          "line": 34,
          "column": 4
        }
      }
    },
    "fnMap": {
      "0": {
        "name": "(anonymous_0)",
        "decl": {
          "start": {
            "line": 3,
            "column": 14
          },
          "end": {
            "line": 3,
            "column": 15
          }
        },
        "loc": {
          "start": {
            "line": 11,
            "column": 6
          },
          "end": {
            "line": 35,
            "column": 1
          }
        },
        "line": 11
      }
    },
    "branchMap": {
      "0": {
        "loc": {
          "start": {
            "line": 10,
            "column": 2
          },
          "end": {
            "line": 10,
            "column": 15
          }
        },
        "type": "default-arg",
        "locations": [
          {
            "start": {
              "line": 10,
              "column": 9
            },
            "end": {
              "line": 10,
              "column": 15
            }
          }
        ],
        "line": 10
      }
    },
    "s": {
      "0": 23,
      "1": 294
    },
    "f": {
      "0": 294
    },
    "b": {
      "0": [
        234
      ]
    },
    "_coverageSchema": "1a1c01bbd47fc00a2c39e90264f33305004495a9",
    "hash": "e14160229a62d7aba1fd4eb2f3c9a0c7fe73b5fd"
  },
  "C:\\Projects\\Tasks\\questionnaire\\src\\components\\ContentImage\\ContentImage.jsx": {
    "path": "C:\\Projects\\Tasks\\questionnaire\\src\\components\\ContentImage\\ContentImage.jsx",
    "statementMap": {
      "0": {
        "start": {
          "line": 3,
          "column": 21
        },
        "end": {
          "line": 9,
          "column": 1
        }
      },
      "1": {
        "start": {
          "line": 4,
          "column": 2
        },
        "end": {
          "line": 8,
          "column": 4
        }
      }
    },
    "fnMap": {
      "0": {
        "name": "(anonymous_0)",
        "decl": {
          "start": {
            "line": 3,
            "column": 21
          },
          "end": {
            "line": 3,
            "column": 22
          }
        },
        "loc": {
          "start": {
            "line": 3,
            "column": 34
          },
          "end": {
            "line": 9,
            "column": 1
          }
        },
        "line": 3
      }
    },
    "branchMap": {},
    "s": {
      "0": 23,
      "1": 464
    },
    "f": {
      "0": 464
    },
    "b": {},
    "_coverageSchema": "1a1c01bbd47fc00a2c39e90264f33305004495a9",
    "hash": "d3d5eecd1eada7e3942a078e54ab8fd9f45929e0"
  },
  "C:\\Projects\\Tasks\\questionnaire\\src\\components\\index.js": {
    "path": "C:\\Projects\\Tasks\\questionnaire\\src\\components\\index.js",
    "statementMap": {},
    "fnMap": {},
    "branchMap": {},
    "s": {},
    "f": {},
    "b": {},
    "_coverageSchema": "1a1c01bbd47fc00a2c39e90264f33305004495a9",
    "hash": "eef8774da5c3169f78d9d397c6a38c5e02e5d403"
  },
  "C:\\Projects\\Tasks\\questionnaire\\src\\Helpers\\Schema\\IdentificationSchema.js": {
    "path": "C:\\Projects\\Tasks\\questionnaire\\src\\Helpers\\Schema\\IdentificationSchema.js",
    "statementMap": {
      "0": {
        "start": {
          "line": 3,
          "column": 36
        },
        "end": {
          "line": 24,
          "column": 2
        }
      }
    },
    "fnMap": {},
    "branchMap": {},
    "s": {
      "0": 23
    },
    "f": {},
    "b": {},
    "_coverageSchema": "1a1c01bbd47fc00a2c39e90264f33305004495a9",
    "hash": "dcef85173b6a960dea83c68deb3cd6a201c46f85"
  },
  "C:\\Projects\\Tasks\\questionnaire\\src\\assets\\images\\index.js": {
    "path": "C:\\Projects\\Tasks\\questionnaire\\src\\assets\\images\\index.js",
    "statementMap": {},
    "fnMap": {},
    "branchMap": {},
    "s": {},
    "f": {},
    "b": {},
    "_coverageSchema": "1a1c01bbd47fc00a2c39e90264f33305004495a9",
    "hash": "4436734bf4300c37a5935960a3f1dd357a3265f9"
  },
  "C:\\Projects\\Tasks\\questionnaire\\src\\features\\identification\\identificationSlice.js": {
    "path": "C:\\Projects\\Tasks\\questionnaire\\src\\features\\identification\\identificationSlice.js",
    "statementMap": {
      "0": {
        "start": {
          "line": 3,
          "column": 21
        },
        "end": {
          "line": 7,
          "column": 1
        }
      },
      "1": {
        "start": {
          "line": 9,
          "column": 35
        },
        "end": {
          "line": 28,
          "column": 2
        }
      },
      "2": {
        "start": {
          "line": 14,
          "column": 6
        },
        "end": {
          "line": 14,
          "column": 40
        }
      },
      "3": {
        "start": {
          "line": 17,
          "column": 6
        },
        "end": {
          "line": 17,
          "column": 39
        }
      },
      "4": {
        "start": {
          "line": 20,
          "column": 6
        },
        "end": {
          "line": 20,
          "column": 35
        }
      },
      "5": {
        "start": {
          "line": 23,
          "column": 6
        },
        "end": {
          "line": 23,
          "column": 28
        }
      },
      "6": {
        "start": {
          "line": 24,
          "column": 6
        },
        "end": {
          "line": 24,
          "column": 27
        }
      },
      "7": {
        "start": {
          "line": 25,
          "column": 6
        },
        "end": {
          "line": 25,
          "column": 23
        }
      },
      "8": {
        "start": {
          "line": 32,
          "column": 2
        },
        "end": {
          "line": 32,
          "column": 29
        }
      }
    },
    "fnMap": {
      "0": {
        "name": "(anonymous_0)",
        "decl": {
          "start": {
            "line": 13,
            "column": 18
          },
          "end": {
            "line": 13,
            "column": 19
          }
        },
        "loc": {
          "start": {
            "line": 13,
            "column": 37
          },
          "end": {
            "line": 15,
            "column": 5
          }
        },
        "line": 13
      },
      "1": {
        "name": "(anonymous_1)",
        "decl": {
          "start": {
            "line": 16,
            "column": 17
          },
          "end": {
            "line": 16,
            "column": 18
          }
        },
        "loc": {
          "start": {
            "line": 16,
            "column": 36
          },
          "end": {
            "line": 18,
            "column": 5
          }
        },
        "line": 16
      },
      "2": {
        "name": "(anonymous_2)",
        "decl": {
          "start": {
            "line": 19,
            "column": 14
          },
          "end": {
            "line": 19,
            "column": 15
          }
        },
        "loc": {
          "start": {
            "line": 19,
            "column": 33
          },
          "end": {
            "line": 21,
            "column": 5
          }
        },
        "line": 19
      },
      "3": {
        "name": "(anonymous_3)",
        "decl": {
          "start": {
            "line": 22,
            "column": 25
          },
          "end": {
            "line": 22,
            "column": 26
          }
        },
        "loc": {
          "start": {
            "line": 22,
            "column": 36
          },
          "end": {
            "line": 26,
            "column": 5
          }
        },
        "line": 22
      }
    },
    "branchMap": {},
    "s": {
      "0": 23,
      "1": 23,
      "2": 5,
      "3": 5,
      "4": 5,
      "5": 8,
      "6": 8,
      "7": 8,
      "8": 23
    },
    "f": {
      "0": 5,
      "1": 5,
      "2": 5,
      "3": 8
    },
    "b": {},
    "_coverageSchema": "1a1c01bbd47fc00a2c39e90264f33305004495a9",
    "hash": "7752fbafc866ebf9a66b3cee897a449a2e2b9c31"
  },
  "C:\\Projects\\Tasks\\questionnaire\\src\\pages\\Identification\\Identification.jsx": {
    "path": "C:\\Projects\\Tasks\\questionnaire\\src\\pages\\Identification\\Identification.jsx",
    "statementMap": {
      "0": {
        "start": {
          "line": 19,
          "column": 23
        },
        "end": {
          "line": 96,
          "column": 1
        }
      },
      "1": {
        "start": {
          "line": 21,
          "column": 43
        },
        "end": {
          "line": 23,
          "column": 3
        }
      },
      "2": {
        "start": {
          "line": 22,
          "column": 15
        },
        "end": {
          "line": 22,
          "column": 35
        }
      },
      "3": {
        "start": {
          "line": 25,
          "column": 19
        },
        "end": {
          "line": 25,
          "column": 32
        }
      },
      "4": {
        "start": {
          "line": 26,
          "column": 19
        },
        "end": {
          "line": 26,
          "column": 32
        }
      },
      "5": {
        "start": {
          "line": 34,
          "column": 6
        },
        "end": {
          "line": 36,
          "column": 4
        }
      },
      "6": {
        "start": {
          "line": 38,
          "column": 21
        },
        "end": {
          "line": 44,
          "column": 3
        }
      },
      "7": {
        "start": {
          "line": 39,
          "column": 4
        },
        "end": {
          "line": 39,
          "column": 43
        }
      },
      "8": {
        "start": {
          "line": 40,
          "column": 4
        },
        "end": {
          "line": 40,
          "column": 41
        }
      },
      "9": {
        "start": {
          "line": 41,
          "column": 4
        },
        "end": {
          "line": 41,
          "column": 35
        }
      },
      "10": {
        "start": {
          "line": 42,
          "column": 4
        },
        "end": {
          "line": 42,
          "column": 12
        }
      },
      "11": {
        "start": {
          "line": 43,
          "column": 4
        },
        "end": {
          "line": 43,
          "column": 23
        }
      },
      "12": {
        "start": {
          "line": 46,
          "column": 2
        },
        "end": {
          "line": 95,
          "column": 4
        }
      }
    },
    "fnMap": {
      "0": {
        "name": "(anonymous_0)",
        "decl": {
          "start": {
            "line": 19,
            "column": 23
          },
          "end": {
            "line": 19,
            "column": 24
          }
        },
        "loc": {
          "start": {
            "line": 19,
            "column": 29
          },
          "end": {
            "line": 96,
            "column": 1
          }
        },
        "line": 19
      },
      "1": {
        "name": "(anonymous_1)",
        "decl": {
          "start": {
            "line": 22,
            "column": 4
          },
          "end": {
            "line": 22,
            "column": 5
          }
        },
        "loc": {
          "start": {
            "line": 22,
            "column": 15
          },
          "end": {
            "line": 22,
            "column": 35
          }
        },
        "line": 22
      },
      "2": {
        "name": "(anonymous_2)",
        "decl": {
          "start": {
            "line": 38,
            "column": 21
          },
          "end": {
            "line": 38,
            "column": 22
          }
        },
        "loc": {
          "start": {
            "line": 38,
            "column": 31
          },
          "end": {
            "line": 44,
            "column": 3
          }
        },
        "line": 38
      }
    },
    "branchMap": {},
    "s": {
      "0": 23,
      "1": 57,
      "2": 72,
      "3": 57,
      "4": 57,
      "5": 57,
      "6": 57,
      "7": 5,
      "8": 5,
      "9": 5,
      "10": 5,
      "11": 5,
      "12": 57
    },
    "f": {
      "0": 57,
      "1": 72,
      "2": 5
    },
    "b": {},
    "_coverageSchema": "1a1c01bbd47fc00a2c39e90264f33305004495a9",
    "hash": "dde153dc35564b39f8c166632fc1b92690b1913e"
  },
  "C:\\Projects\\Tasks\\questionnaire\\src\\Helpers\\Schema\\CovidSchema.js": {
    "path": "C:\\Projects\\Tasks\\questionnaire\\src\\Helpers\\Schema\\CovidSchema.js",
    "statementMap": {
      "0": {
        "start": {
          "line": 3,
          "column": 27
        },
        "end": {
          "line": 27,
          "column": 13
        }
      },
      "1": {
        "start": {
          "line": 15,
          "column": 6
        },
        "end": {
          "line": 22,
          "column": 12
        }
      },
      "2": {
        "start": {
          "line": 16,
          "column": 8
        },
        "end": {
          "line": 22,
          "column": 12
        }
      }
    },
    "fnMap": {
      "0": {
        "name": "(anonymous_0)",
        "decl": {
          "start": {
            "line": 14,
            "column": 54
          },
          "end": {
            "line": 14,
            "column": 55
          }
        },
        "loc": {
          "start": {
            "line": 14,
            "column": 71
          },
          "end": {
            "line": 23,
            "column": 5
          }
        },
        "line": 14
      }
    },
    "branchMap": {
      "0": {
        "loc": {
          "start": {
            "line": 15,
            "column": 6
          },
          "end": {
            "line": 22,
            "column": 12
          }
        },
        "type": "if",
        "locations": [
          {
            "start": {
              "line": 15,
              "column": 6
            },
            "end": {
              "line": 22,
              "column": 12
            }
          },
          {
            "start": {
              "line": 15,
              "column": 6
            },
            "end": {
              "line": 22,
              "column": 12
            }
          }
        ],
        "line": 15
      },
      "1": {
        "loc": {
          "start": {
            "line": 15,
            "column": 10
          },
          "end": {
            "line": 15,
            "column": 42
          }
        },
        "type": "binary-expr",
        "locations": [
          {
            "start": {
              "line": 15,
              "column": 10
            },
            "end": {
              "line": 15,
              "column": 23
            }
          },
          {
            "start": {
              "line": 15,
              "column": 27
            },
            "end": {
              "line": 15,
              "column": 42
            }
          }
        ],
        "line": 15
      }
    },
    "s": {
      "0": 23,
      "1": 40,
      "2": 14
    },
    "f": {
      "0": 40
    },
    "b": {
      "0": [
        14,
        26
      ],
      "1": [
        40,
        14
      ]
    },
    "_coverageSchema": "1a1c01bbd47fc00a2c39e90264f33305004495a9",
    "hash": "ae9b93dc13d76ae9094d6add1b46d4a397e83b2a"
  },
  "C:\\Projects\\Tasks\\questionnaire\\src\\features\\covid\\covidSlice.js": {
    "path": "C:\\Projects\\Tasks\\questionnaire\\src\\features\\covid\\covidSlice.js",
    "statementMap": {
      "0": {
        "start": {
          "line": 3,
          "column": 21
        },
        "end": {
          "line": 11,
          "column": 1
        }
      },
      "1": {
        "start": {
          "line": 13,
          "column": 26
        },
        "end": {
          "line": 40,
          "column": 2
        }
      },
      "2": {
        "start": {
          "line": 18,
          "column": 6
        },
        "end": {
          "line": 18,
          "column": 39
        }
      },
      "3": {
        "start": {
          "line": 21,
          "column": 6
        },
        "end": {
          "line": 21,
          "column": 47
        }
      },
      "4": {
        "start": {
          "line": 24,
          "column": 6
        },
        "end": {
          "line": 24,
          "column": 49
        }
      },
      "5": {
        "start": {
          "line": 27,
          "column": 6
        },
        "end": {
          "line": 27,
          "column": 50
        }
      },
      "6": {
        "start": {
          "line": 30,
          "column": 6
        },
        "end": {
          "line": 30,
          "column": 47
        }
      },
      "7": {
        "start": {
          "line": 33,
          "column": 6
        },
        "end": {
          "line": 33,
          "column": 29
        }
      },
      "8": {
        "start": {
          "line": 34,
          "column": 6
        },
        "end": {
          "line": 34,
          "column": 37
        }
      },
      "9": {
        "start": {
          "line": 35,
          "column": 6
        },
        "end": {
          "line": 35,
          "column": 37
        }
      },
      "10": {
        "start": {
          "line": 36,
          "column": 6
        },
        "end": {
          "line": 36,
          "column": 38
        }
      },
      "11": {
        "start": {
          "line": 37,
          "column": 6
        },
        "end": {
          "line": 37,
          "column": 35
        }
      },
      "12": {
        "start": {
          "line": 50,
          "column": 4
        },
        "end": {
          "line": 50,
          "column": 22
        }
      }
    },
    "fnMap": {
      "0": {
        "name": "(anonymous_0)",
        "decl": {
          "start": {
            "line": 17,
            "column": 14
          },
          "end": {
            "line": 17,
            "column": 15
          }
        },
        "loc": {
          "start": {
            "line": 17,
            "column": 33
          },
          "end": {
            "line": 19,
            "column": 5
          }
        },
        "line": 17
      },
      "1": {
        "name": "(anonymous_1)",
        "decl": {
          "start": {
            "line": 20,
            "column": 13
          },
          "end": {
            "line": 20,
            "column": 14
          }
        },
        "loc": {
          "start": {
            "line": 20,
            "column": 32
          },
          "end": {
            "line": 22,
            "column": 5
          }
        },
        "line": 20
      },
      "2": {
        "name": "(anonymous_2)",
        "decl": {
          "start": {
            "line": 23,
            "column": 20
          },
          "end": {
            "line": 23,
            "column": 21
          }
        },
        "loc": {
          "start": {
            "line": 23,
            "column": 39
          },
          "end": {
            "line": 25,
            "column": 5
          }
        },
        "line": 23
      },
      "3": {
        "name": "(anonymous_3)",
        "decl": {
          "start": {
            "line": 26,
            "column": 17
          },
          "end": {
            "line": 26,
            "column": 18
          }
        },
        "loc": {
          "start": {
            "line": 26,
            "column": 36
          },
          "end": {
            "line": 28,
            "column": 5
          }
        },
        "line": 26
      },
      "4": {
        "name": "(anonymous_4)",
        "decl": {
          "start": {
            "line": 29,
            "column": 21
          },
          "end": {
            "line": 29,
            "column": 22
          }
        },
        "loc": {
          "start": {
            "line": 29,
            "column": 40
          },
          "end": {
            "line": 31,
            "column": 5
          }
        },
        "line": 29
      },
      "5": {
        "name": "(anonymous_5)",
        "decl": {
          "start": {
            "line": 32,
            "column": 16
          },
          "end": {
            "line": 32,
            "column": 17
          }
        },
        "loc": {
          "start": {
            "line": 32,
            "column": 27
          },
          "end": {
            "line": 38,
            "column": 5
          }
        },
        "line": 32
      }
    },
    "branchMap": {},
    "s": {
      "0": 23,
      "1": 23,
      "2": 136,
      "3": 112,
      "4": 112,
      "5": 112,
      "6": 112,
      "7": 8,
      "8": 8,
      "9": 8,
      "10": 8,
      "11": 8,
      "12": 23
    },
    "f": {
      "0": 136,
      "1": 112,
      "2": 112,
      "3": 112,
      "4": 112,
      "5": 8
    },
    "b": {},
    "_coverageSchema": "1a1c01bbd47fc00a2c39e90264f33305004495a9",
    "hash": "0632876da948569a2287872f6a2aab2e8be44986"
  },
  "C:\\Projects\\Tasks\\questionnaire\\src\\pages\\Covid\\Covid.jsx": {
    "path": "C:\\Projects\\Tasks\\questionnaire\\src\\pages\\Covid\\Covid.jsx",
    "statementMap": {
      "0": {
        "start": {
          "line": 21,
          "column": 14
        },
        "end": {
          "line": 163,
          "column": 1
        }
      },
      "1": {
        "start": {
          "line": 24,
          "column": 4
        },
        "end": {
          "line": 24,
          "column": 39
        }
      },
      "2": {
        "start": {
          "line": 24,
          "column": 27
        },
        "end": {
          "line": 24,
          "column": 38
        }
      },
      "3": {
        "start": {
          "line": 26,
          "column": 19
        },
        "end": {
          "line": 26,
          "column": 32
        }
      },
      "4": {
        "start": {
          "line": 27,
          "column": 19
        },
        "end": {
          "line": 27,
          "column": 32
        }
      },
      "5": {
        "start": {
          "line": 36,
          "column": 6
        },
        "end": {
          "line": 38,
          "column": 4
        }
      },
      "6": {
        "start": {
          "line": 40,
          "column": 2
        },
        "end": {
          "line": 62,
          "column": 16
        }
      },
      "7": {
        "start": {
          "line": 41,
          "column": 4
        },
        "end": {
          "line": 61,
          "column": 5
        }
      },
      "8": {
        "start": {
          "line": 42,
          "column": 6
        },
        "end": {
          "line": 42,
          "column": 41
        }
      },
      "9": {
        "start": {
          "line": 43,
          "column": 6
        },
        "end": {
          "line": 43,
          "column": 30
        }
      },
      "10": {
        "start": {
          "line": 44,
          "column": 6
        },
        "end": {
          "line": 44,
          "column": 35
        }
      },
      "11": {
        "start": {
          "line": 45,
          "column": 6
        },
        "end": {
          "line": 45,
          "column": 32
        }
      },
      "12": {
        "start": {
          "line": 46,
          "column": 6
        },
        "end": {
          "line": 46,
          "column": 36
        }
      },
      "13": {
        "start": {
          "line": 47,
          "column": 11
        },
        "end": {
          "line": 61,
          "column": 5
        }
      },
      "14": {
        "start": {
          "line": 48,
          "column": 6
        },
        "end": {
          "line": 48,
          "column": 41
        }
      },
      "15": {
        "start": {
          "line": 49,
          "column": 6
        },
        "end": {
          "line": 49,
          "column": 39
        }
      },
      "16": {
        "start": {
          "line": 50,
          "column": 6
        },
        "end": {
          "line": 50,
          "column": 47
        }
      },
      "17": {
        "start": {
          "line": 51,
          "column": 6
        },
        "end": {
          "line": 51,
          "column": 55
        }
      },
      "18": {
        "start": {
          "line": 52,
          "column": 6
        },
        "end": {
          "line": 52,
          "column": 35
        }
      },
      "19": {
        "start": {
          "line": 53,
          "column": 11
        },
        "end": {
          "line": 61,
          "column": 5
        }
      },
      "20": {
        "start": {
          "line": 54,
          "column": 6
        },
        "end": {
          "line": 54,
          "column": 41
        }
      },
      "21": {
        "start": {
          "line": 55,
          "column": 6
        },
        "end": {
          "line": 55,
          "column": 39
        }
      },
      "22": {
        "start": {
          "line": 56,
          "column": 6
        },
        "end": {
          "line": 56,
          "column": 53
        }
      },
      "23": {
        "start": {
          "line": 57,
          "column": 6
        },
        "end": {
          "line": 57,
          "column": 32
        }
      },
      "24": {
        "start": {
          "line": 58,
          "column": 6
        },
        "end": {
          "line": 58,
          "column": 36
        }
      },
      "25": {
        "start": {
          "line": 60,
          "column": 6
        },
        "end": {
          "line": 60,
          "column": 41
        }
      },
      "26": {
        "start": {
          "line": 64,
          "column": 21
        },
        "end": {
          "line": 67,
          "column": 3
        }
      },
      "27": {
        "start": {
          "line": 65,
          "column": 4
        },
        "end": {
          "line": 65,
          "column": 12
        }
      },
      "28": {
        "start": {
          "line": 66,
          "column": 4
        },
        "end": {
          "line": 66,
          "column": 27
        }
      },
      "29": {
        "start": {
          "line": 69,
          "column": 2
        },
        "end": {
          "line": 162,
          "column": 4
        }
      }
    },
    "fnMap": {
      "0": {
        "name": "(anonymous_0)",
        "decl": {
          "start": {
            "line": 21,
            "column": 14
          },
          "end": {
            "line": 21,
            "column": 15
          }
        },
        "loc": {
          "start": {
            "line": 21,
            "column": 20
          },
          "end": {
            "line": 163,
            "column": 1
          }
        },
        "line": 21
      },
      "1": {
        "name": "(anonymous_1)",
        "decl": {
          "start": {
            "line": 24,
            "column": 16
          },
          "end": {
            "line": 24,
            "column": 17
          }
        },
        "loc": {
          "start": {
            "line": 24,
            "column": 27
          },
          "end": {
            "line": 24,
            "column": 38
          }
        },
        "line": 24
      },
      "2": {
        "name": "(anonymous_2)",
        "decl": {
          "start": {
            "line": 40,
            "column": 12
          },
          "end": {
            "line": 40,
            "column": 13
          }
        },
        "loc": {
          "start": {
            "line": 40,
            "column": 18
          },
          "end": {
            "line": 62,
            "column": 3
          }
        },
        "line": 40
      },
      "3": {
        "name": "(anonymous_3)",
        "decl": {
          "start": {
            "line": 64,
            "column": 21
          },
          "end": {
            "line": 64,
            "column": 22
          }
        },
        "loc": {
          "start": {
            "line": 64,
            "column": 31
          },
          "end": {
            "line": 67,
            "column": 3
          }
        },
        "line": 64
      }
    },
    "branchMap": {
      "0": {
        "loc": {
          "start": {
            "line": 41,
            "column": 4
          },
          "end": {
            "line": 61,
            "column": 5
          }
        },
        "type": "if",
        "locations": [
          {
            "start": {
              "line": 41,
              "column": 4
            },
            "end": {
              "line": 61,
              "column": 5
            }
          },
          {
            "start": {
              "line": 41,
              "column": 4
            },
            "end": {
              "line": 61,
              "column": 5
            }
          }
        ],
        "line": 41
      },
      "1": {
        "loc": {
          "start": {
            "line": 41,
            "column": 8
          },
          "end": {
            "line": 41,
            "column": 70
          }
        },
        "type": "binary-expr",
        "locations": [
          {
            "start": {
              "line": 41,
              "column": 8
            },
            "end": {
              "line": 41,
              "column": 31
            }
          },
          {
            "start": {
              "line": 41,
              "column": 35
            },
            "end": {
              "line": 41,
              "column": 70
            }
          }
        ],
        "line": 41
      },
      "2": {
        "loc": {
          "start": {
            "line": 47,
            "column": 11
          },
          "end": {
            "line": 61,
            "column": 5
          }
        },
        "type": "if",
        "locations": [
          {
            "start": {
              "line": 47,
              "column": 11
            },
            "end": {
              "line": 61,
              "column": 5
            }
          },
          {
            "start": {
              "line": 47,
              "column": 11
            },
            "end": {
              "line": 61,
              "column": 5
            }
          }
        ],
        "line": 47
      },
      "3": {
        "loc": {
          "start": {
            "line": 47,
            "column": 15
          },
          "end": {
            "line": 47,
            "column": 66
          }
        },
        "type": "binary-expr",
        "locations": [
          {
            "start": {
              "line": 47,
              "column": 15
            },
            "end": {
              "line": 47,
              "column": 38
            }
          },
          {
            "start": {
              "line": 47,
              "column": 42
            },
            "end": {
              "line": 47,
              "column": 66
            }
          }
        ],
        "line": 47
      },
      "4": {
        "loc": {
          "start": {
            "line": 53,
            "column": 11
          },
          "end": {
            "line": 61,
            "column": 5
          }
        },
        "type": "if",
        "locations": [
          {
            "start": {
              "line": 53,
              "column": 11
            },
            "end": {
              "line": 61,
              "column": 5
            }
          },
          {
            "start": {
              "line": 53,
              "column": 11
            },
            "end": {
              "line": 61,
              "column": 5
            }
          }
        ],
        "line": 53
      },
      "5": {
        "loc": {
          "start": {
            "line": 53,
            "column": 15
          },
          "end": {
            "line": 53,
            "column": 65
          }
        },
        "type": "binary-expr",
        "locations": [
          {
            "start": {
              "line": 53,
              "column": 15
            },
            "end": {
              "line": 53,
              "column": 37
            }
          },
          {
            "start": {
              "line": 53,
              "column": 41
            },
            "end": {
              "line": 53,
              "column": 65
            }
          }
        ],
        "line": 53
      },
      "6": {
        "loc": {
          "start": {
            "line": 94,
            "column": 13
          },
          "end": {
            "line": 113,
            "column": 13
          }
        },
        "type": "cond-expr",
        "locations": [
          {
            "start": {
              "line": 95,
              "column": 14
            },
            "end": {
              "line": 110,
              "column": 17
            }
          },
          {
            "start": {
              "line": 112,
              "column": 14
            },
            "end": {
              "line": 112,
              "column": 16
            }
          }
        ],
        "line": 94
      },
      "7": {
        "loc": {
          "start": {
            "line": 115,
            "column": 13
          },
          "end": {
            "line": 129,
            "column": 13
          }
        },
        "type": "cond-expr",
        "locations": [
          {
            "start": {
              "line": 116,
              "column": 14
            },
            "end": {
              "line": 126,
              "column": 16
            }
          },
          {
            "start": {
              "line": 128,
              "column": 14
            },
            "end": {
              "line": 128,
              "column": 16
            }
          }
        ],
        "line": 115
      },
      "8": {
        "loc": {
          "start": {
            "line": 115,
            "column": 13
          },
          "end": {
            "line": 115,
            "column": 62
          }
        },
        "type": "binary-expr",
        "locations": [
          {
            "start": {
              "line": 115,
              "column": 13
            },
            "end": {
              "line": 115,
              "column": 39
            }
          },
          {
            "start": {
              "line": 115,
              "column": 43
            },
            "end": {
              "line": 115,
              "column": 62
            }
          }
        ],
        "line": 115
      },
      "9": {
        "loc": {
          "start": {
            "line": 131,
            "column": 13
          },
          "end": {
            "line": 155,
            "column": 13
          }
        },
        "type": "cond-expr",
        "locations": [
          {
            "start": {
              "line": 132,
              "column": 14
            },
            "end": {
              "line": 152,
              "column": 17
            }
          },
          {
            "start": {
              "line": 154,
              "column": 14
            },
            "end": {
              "line": 154,
              "column": 16
            }
          }
        ],
        "line": 131
      },
      "10": {
        "loc": {
          "start": {
            "line": 131,
            "column": 13
          },
          "end": {
            "line": 131,
            "column": 63
          }
        },
        "type": "binary-expr",
        "locations": [
          {
            "start": {
              "line": 131,
              "column": 13
            },
            "end": {
              "line": 131,
              "column": 40
            }
          },
          {
            "start": {
              "line": 131,
              "column": 44
            },
            "end": {
              "line": 131,
              "column": 63
            }
          }
        ],
        "line": 131
      }
    },
    "s": {
      "0": 23,
      "1": 136,
      "2": 205,
      "3": 136,
      "4": 136,
      "5": 136,
      "6": 136,
      "7": 136,
      "8": 14,
      "9": 14,
      "10": 14,
      "11": 14,
      "12": 14,
      "13": 122,
      "14": 30,
      "15": 30,
      "16": 30,
      "17": 30,
      "18": 30,
      "19": 92,
      "20": 68,
      "21": 68,
      "22": 68,
      "23": 68,
      "24": 68,
      "25": 24,
      "26": 136,
      "27": 10,
      "28": 10,
      "29": 136
    },
    "f": {
      "0": 136,
      "1": 205,
      "2": 136,
      "3": 10
    },
    "b": {
      "0": [
        14,
        122
      ],
      "1": [
        136,
        125
      ],
      "2": [
        30,
        92
      ],
      "3": [
        122,
        30
      ],
      "4": [
        68,
        24
      ],
      "5": [
        92,
        68
      ],
      "6": [
        105,
        31
      ],
      "7": [
        63,
        73
      ],
      "8": [
        136,
        63
      ],
      "9": [
        30,
        106
      ],
      "10": [
        136,
        30
      ]
    },
    "_coverageSchema": "1a1c01bbd47fc00a2c39e90264f33305004495a9",
    "hash": "4041487a2fcc8f637a752e434102147c5bbd908b"
  },
  "C:\\Projects\\Tasks\\questionnaire\\src\\pages\\Injection\\components\\Info\\Info.jsx": {
    "path": "C:\\Projects\\Tasks\\questionnaire\\src\\pages\\Injection\\components\\Info\\Info.jsx",
    "statementMap": {
      "0": {
        "start": {
          "line": 3,
          "column": 13
        },
        "end": {
          "line": 14,
          "column": 1
        }
      },
      "1": {
        "start": {
          "line": 4,
          "column": 2
        },
        "end": {
          "line": 13,
          "column": 4
        }
      }
    },
    "fnMap": {
      "0": {
        "name": "(anonymous_0)",
        "decl": {
          "start": {
            "line": 3,
            "column": 13
          },
          "end": {
            "line": 3,
            "column": 14
          }
        },
        "loc": {
          "start": {
            "line": 3,
            "column": 41
          },
          "end": {
            "line": 14,
            "column": 1
          }
        },
        "line": 3
      }
    },
    "branchMap": {
      "0": {
        "loc": {
          "start": {
            "line": 6,
            "column": 7
          },
          "end": {
            "line": 6,
            "column": 58
          }
        },
        "type": "binary-expr",
        "locations": [
          {
            "start": {
              "line": 6,
              "column": 7
            },
            "end": {
              "line": 6,
              "column": 13
            }
          },
          {
            "start": {
              "line": 6,
              "column": 17
            },
            "end": {
              "line": 6,
              "column": 58
            }
          }
        ],
        "line": 6
      },
      "1": {
        "loc": {
          "start": {
            "line": 7,
            "column": 7
          },
          "end": {
            "line": 7,
            "column": 28
          }
        },
        "type": "binary-expr",
        "locations": [
          {
            "start": {
              "line": 7,
              "column": 7
            },
            "end": {
              "line": 7,
              "column": 11
            }
          },
          {
            "start": {
              "line": 7,
              "column": 15
            },
            "end": {
              "line": 7,
              "column": 28
            }
          }
        ],
        "line": 7
      },
      "2": {
        "loc": {
          "start": {
            "line": 10,
            "column": 9
          },
          "end": {
            "line": 10,
            "column": 31
          }
        },
        "type": "binary-expr",
        "locations": [
          {
            "start": {
              "line": 10,
              "column": 9
            },
            "end": {
              "line": 10,
              "column": 13
            }
          },
          {
            "start": {
              "line": 10,
              "column": 17
            },
            "end": {
              "line": 10,
              "column": 31
            }
          }
        ],
        "line": 10
      }
    },
    "s": {
      "0": 23,
      "1": 7
    },
    "f": {
      "0": 7
    },
    "b": {
      "0": [
        7,
        1
      ],
      "1": [
        7,
        4
      ],
      "2": [
        7,
        3
      ]
    },
    "_coverageSchema": "1a1c01bbd47fc00a2c39e90264f33305004495a9",
    "hash": "7267ced990d94da73d0294640ab441e2df65f156"
  },
  "C:\\Projects\\Tasks\\questionnaire\\src\\Helpers\\Schema\\InjectionSchema.js": {
    "path": "C:\\Projects\\Tasks\\questionnaire\\src\\Helpers\\Schema\\InjectionSchema.js",
    "statementMap": {
      "0": {
        "start": {
          "line": 3,
          "column": 31
        },
        "end": {
          "line": 21,
          "column": 13
        }
      }
    },
    "fnMap": {},
    "branchMap": {},
    "s": {
      "0": 23
    },
    "f": {},
    "b": {},
    "_coverageSchema": "1a1c01bbd47fc00a2c39e90264f33305004495a9",
    "hash": "96f72fe436b42f039a4cfb0da58a57c07440658d"
  },
  "C:\\Projects\\Tasks\\questionnaire\\src\\features\\injection\\injectionSlice.js": {
    "path": "C:\\Projects\\Tasks\\questionnaire\\src\\features\\injection\\injectionSlice.js",
    "statementMap": {
      "0": {
        "start": {
          "line": 3,
          "column": 21
        },
        "end": {
          "line": 7,
          "column": 1
        }
      },
      "1": {
        "start": {
          "line": 9,
          "column": 30
        },
        "end": {
          "line": 28,
          "column": 2
        }
      },
      "2": {
        "start": {
          "line": 14,
          "column": 6
        },
        "end": {
          "line": 14,
          "column": 41
        }
      },
      "3": {
        "start": {
          "line": 17,
          "column": 6
        },
        "end": {
          "line": 17,
          "column": 47
        }
      },
      "4": {
        "start": {
          "line": 20,
          "column": 6
        },
        "end": {
          "line": 20,
          "column": 42
        }
      },
      "5": {
        "start": {
          "line": 23,
          "column": 6
        },
        "end": {
          "line": 23,
          "column": 31
        }
      },
      "6": {
        "start": {
          "line": 24,
          "column": 6
        },
        "end": {
          "line": 24,
          "column": 37
        }
      },
      "7": {
        "start": {
          "line": 25,
          "column": 6
        },
        "end": {
          "line": 25,
          "column": 32
        }
      },
      "8": {
        "start": {
          "line": 32,
          "column": 2
        },
        "end": {
          "line": 32,
          "column": 24
        }
      }
    },
    "fnMap": {
      "0": {
        "name": "(anonymous_0)",
        "decl": {
          "start": {
            "line": 13,
            "column": 18
          },
          "end": {
            "line": 13,
            "column": 19
          }
        },
        "loc": {
          "start": {
            "line": 13,
            "column": 37
          },
          "end": {
            "line": 15,
            "column": 5
          }
        },
        "line": 13
      },
      "1": {
        "name": "(anonymous_1)",
        "decl": {
          "start": {
            "line": 16,
            "column": 14
          },
          "end": {
            "line": 16,
            "column": 15
          }
        },
        "loc": {
          "start": {
            "line": 16,
            "column": 33
          },
          "end": {
            "line": 18,
            "column": 5
          }
        },
        "line": 16
      },
      "2": {
        "name": "(anonymous_2)",
        "decl": {
          "start": {
            "line": 19,
            "column": 19
          },
          "end": {
            "line": 19,
            "column": 20
          }
        },
        "loc": {
          "start": {
            "line": 19,
            "column": 38
          },
          "end": {
            "line": 21,
            "column": 5
          }
        },
        "line": 19
      },
      "3": {
        "name": "(anonymous_3)",
        "decl": {
          "start": {
            "line": 22,
            "column": 20
          },
          "end": {
            "line": 22,
            "column": 21
          }
        },
        "loc": {
          "start": {
            "line": 22,
            "column": 31
          },
          "end": {
            "line": 26,
            "column": 5
          }
        },
        "line": 22
      }
    },
    "branchMap": {},
    "s": {
      "0": 23,
      "1": 23,
      "2": 61,
      "3": 61,
      "4": 61,
      "5": 8,
      "6": 8,
      "7": 8,
      "8": 23
    },
    "f": {
      "0": 61,
      "1": 61,
      "2": 61,
      "3": 8
    },
    "b": {},
    "_coverageSchema": "1a1c01bbd47fc00a2c39e90264f33305004495a9",
    "hash": "1f31e5b2ada63f8cc79f2462e8051d0c37269497"
  },
  "C:\\Projects\\Tasks\\questionnaire\\src\\pages\\Injection\\Injection.jsx": {
    "path": "C:\\Projects\\Tasks\\questionnaire\\src\\pages\\Injection\\Injection.jsx",
    "statementMap": {
      "0": {
        "start": {
          "line": 20,
          "column": 18
        },
        "end": {
          "line": 145,
          "column": 1
        }
      },
      "1": {
        "start": {
          "line": 22,
          "column": 59
        },
        "end": {
          "line": 24,
          "column": 3
        }
      },
      "2": {
        "start": {
          "line": 23,
          "column": 15
        },
        "end": {
          "line": 23,
          "column": 30
        }
      },
      "3": {
        "start": {
          "line": 26,
          "column": 19
        },
        "end": {
          "line": 26,
          "column": 32
        }
      },
      "4": {
        "start": {
          "line": 27,
          "column": 19
        },
        "end": {
          "line": 27,
          "column": 32
        }
      },
      "5": {
        "start": {
          "line": 36,
          "column": 6
        },
        "end": {
          "line": 38,
          "column": 4
        }
      },
      "6": {
        "start": {
          "line": 40,
          "column": 2
        },
        "end": {
          "line": 50,
          "column": 16
        }
      },
      "7": {
        "start": {
          "line": 41,
          "column": 4
        },
        "end": {
          "line": 49,
          "column": 5
        }
      },
      "8": {
        "start": {
          "line": 42,
          "column": 6
        },
        "end": {
          "line": 42,
          "column": 49
        }
      },
      "9": {
        "start": {
          "line": 43,
          "column": 6
        },
        "end": {
          "line": 43,
          "column": 41
        }
      },
      "10": {
        "start": {
          "line": 44,
          "column": 6
        },
        "end": {
          "line": 44,
          "column": 36
        }
      },
      "11": {
        "start": {
          "line": 45,
          "column": 11
        },
        "end": {
          "line": 49,
          "column": 5
        }
      },
      "12": {
        "start": {
          "line": 46,
          "column": 6
        },
        "end": {
          "line": 46,
          "column": 49
        }
      },
      "13": {
        "start": {
          "line": 47,
          "column": 6
        },
        "end": {
          "line": 47,
          "column": 51
        }
      },
      "14": {
        "start": {
          "line": 48,
          "column": 6
        },
        "end": {
          "line": 48,
          "column": 31
        }
      },
      "15": {
        "start": {
          "line": 52,
          "column": 21
        },
        "end": {
          "line": 55,
          "column": 3
        }
      },
      "16": {
        "start": {
          "line": 53,
          "column": 4
        },
        "end": {
          "line": 53,
          "column": 12
        }
      },
      "17": {
        "start": {
          "line": 54,
          "column": 4
        },
        "end": {
          "line": 54,
          "column": 24
        }
      },
      "18": {
        "start": {
          "line": 57,
          "column": 2
        },
        "end": {
          "line": 144,
          "column": 4
        }
      }
    },
    "fnMap": {
      "0": {
        "name": "(anonymous_0)",
        "decl": {
          "start": {
            "line": 20,
            "column": 18
          },
          "end": {
            "line": 20,
            "column": 19
          }
        },
        "loc": {
          "start": {
            "line": 20,
            "column": 24
          },
          "end": {
            "line": 145,
            "column": 1
          }
        },
        "line": 20
      },
      "1": {
        "name": "(anonymous_1)",
        "decl": {
          "start": {
            "line": 23,
            "column": 4
          },
          "end": {
            "line": 23,
            "column": 5
          }
        },
        "loc": {
          "start": {
            "line": 23,
            "column": 15
          },
          "end": {
            "line": 23,
            "column": 30
          }
        },
        "line": 23
      },
      "2": {
        "name": "(anonymous_2)",
        "decl": {
          "start": {
            "line": 40,
            "column": 12
          },
          "end": {
            "line": 40,
            "column": 13
          }
        },
        "loc": {
          "start": {
            "line": 40,
            "column": 18
          },
          "end": {
            "line": 50,
            "column": 3
          }
        },
        "line": 40
      },
      "3": {
        "name": "(anonymous_3)",
        "decl": {
          "start": {
            "line": 52,
            "column": 21
          },
          "end": {
            "line": 52,
            "column": 22
          }
        },
        "loc": {
          "start": {
            "line": 52,
            "column": 31
          },
          "end": {
            "line": 55,
            "column": 3
          }
        },
        "line": 52
      }
    },
    "branchMap": {
      "0": {
        "loc": {
          "start": {
            "line": 41,
            "column": 4
          },
          "end": {
            "line": 49,
            "column": 5
          }
        },
        "type": "if",
        "locations": [
          {
            "start": {
              "line": 41,
              "column": 4
            },
            "end": {
              "line": 49,
              "column": 5
            }
          },
          {
            "start": {
              "line": 41,
              "column": 4
            },
            "end": {
              "line": 49,
              "column": 5
            }
          }
        ],
        "line": 41
      },
      "1": {
        "loc": {
          "start": {
            "line": 45,
            "column": 11
          },
          "end": {
            "line": 49,
            "column": 5
          }
        },
        "type": "if",
        "locations": [
          {
            "start": {
              "line": 45,
              "column": 11
            },
            "end": {
              "line": 49,
              "column": 5
            }
          },
          {
            "start": {
              "line": 45,
              "column": 11
            },
            "end": {
              "line": 49,
              "column": 5
            }
          }
        ],
        "line": 45
      },
      "2": {
        "loc": {
          "start": {
            "line": 78,
            "column": 13
          },
          "end": {
            "line": 102,
            "column": 13
          }
        },
        "type": "binary-expr",
        "locations": [
          {
            "start": {
              "line": 78,
              "column": 13
            },
            "end": {
              "line": 78,
              "column": 34
            }
          },
          {
            "start": {
              "line": 79,
              "column": 14
            },
            "end": {
              "line": 101,
              "column": 16
            }
          }
        ],
        "line": 78
      },
      "3": {
        "loc": {
          "start": {
            "line": 104,
            "column": 13
          },
          "end": {
            "line": 106,
            "column": 13
          }
        },
        "type": "binary-expr",
        "locations": [
          {
            "start": {
              "line": 104,
              "column": 13
            },
            "end": {
              "line": 104,
              "column": 72
            }
          },
          {
            "start": {
              "line": 105,
              "column": 14
            },
            "end": {
              "line": 105,
              "column": 71
            }
          }
        ],
        "line": 104
      },
      "4": {
        "loc": {
          "start": {
            "line": 108,
            "column": 13
          },
          "end": {
            "line": 129,
            "column": 13
          }
        },
        "type": "binary-expr",
        "locations": [
          {
            "start": {
              "line": 108,
              "column": 13
            },
            "end": {
              "line": 108,
              "column": 33
            }
          },
          {
            "start": {
              "line": 109,
              "column": 14
            },
            "end": {
              "line": 128,
              "column": 16
            }
          }
        ],
        "line": 108
      },
      "5": {
        "loc": {
          "start": {
            "line": 131,
            "column": 13
          },
          "end": {
            "line": 131,
            "column": 68
          }
        },
        "type": "binary-expr",
        "locations": [
          {
            "start": {
              "line": 131,
              "column": 13
            },
            "end": {
              "line": 131,
              "column": 44
            }
          },
          {
            "start": {
              "line": 131,
              "column": 48
            },
            "end": {
              "line": 131,
              "column": 68
            }
          }
        ],
        "line": 131
      },
      "6": {
        "loc": {
          "start": {
            "line": 132,
            "column": 13
          },
          "end": {
            "line": 137,
            "column": 13
          }
        },
        "type": "binary-expr",
        "locations": [
          {
            "start": {
              "line": 132,
              "column": 13
            },
            "end": {
              "line": 132,
              "column": 71
            }
          },
          {
            "start": {
              "line": 133,
              "column": 14
            },
            "end": {
              "line": 136,
              "column": 16
            }
          }
        ],
        "line": 132
      }
    },
    "s": {
      "0": 23,
      "1": 77,
      "2": 118,
      "3": 77,
      "4": 77,
      "5": 77,
      "6": 77,
      "7": 77,
      "8": 42,
      "9": 42,
      "10": 42,
      "11": 35,
      "12": 19,
      "13": 19,
      "14": 19,
      "15": 77,
      "16": 10,
      "17": 10,
      "18": 77
    },
    "f": {
      "0": 77,
      "1": 118,
      "2": 77,
      "3": 10
    },
    "b": {
      "0": [
        42,
        35
      ],
      "1": [
        19,
        16
      ],
      "2": [
        77,
        38
      ],
      "3": [
        77,
        3
      ],
      "4": [
        77,
        16
      ],
      "5": [
        77,
        3
      ],
      "6": [
        77,
        1
      ]
    },
    "_coverageSchema": "1a1c01bbd47fc00a2c39e90264f33305004495a9",
    "hash": "953c8e9605c83ac91c4916679ef83168d1114471"
  },
  "C:\\Projects\\Tasks\\questionnaire\\src\\pages\\Advice\\components\\Button\\Button.jsx": {
    "path": "C:\\Projects\\Tasks\\questionnaire\\src\\pages\\Advice\\components\\Button\\Button.jsx",
    "statementMap": {
      "0": {
        "start": {
          "line": 3,
          "column": 15
        },
        "end": {
          "line": 13,
          "column": 1
        }
      },
      "1": {
        "start": {
          "line": 4,
          "column": 2
        },
        "end": {
          "line": 12,
          "column": 4
        }
      }
    },
    "fnMap": {
      "0": {
        "name": "(anonymous_0)",
        "decl": {
          "start": {
            "line": 3,
            "column": 15
          },
          "end": {
            "line": 3,
            "column": 16
          }
        },
        "loc": {
          "start": {
            "line": 3,
            "column": 29
          },
          "end": {
            "line": 13,
            "column": 1
          }
        },
        "line": 3
      }
    },
    "branchMap": {},
    "s": {
      "0": 23,
      "1": 194
    },
    "f": {
      "0": 194
    },
    "b": {},
    "_coverageSchema": "1a1c01bbd47fc00a2c39e90264f33305004495a9",
    "hash": "0e0b094a5dd2a7854c2779743047352660fef10f"
  },
  "C:\\Projects\\Tasks\\questionnaire\\src\\pages\\Advice\\components\\Loader\\Loader.jsx": {
    "path": "C:\\Projects\\Tasks\\questionnaire\\src\\pages\\Advice\\components\\Loader\\Loader.jsx",
    "statementMap": {
      "0": {
        "start": {
          "line": 3,
          "column": 15
        },
        "end": {
          "line": 27,
          "column": 1
        }
      },
      "1": {
        "start": {
          "line": 4,
          "column": 2
        },
        "end": {
          "line": 26,
          "column": 4
        }
      }
    },
    "fnMap": {
      "0": {
        "name": "(anonymous_0)",
        "decl": {
          "start": {
            "line": 3,
            "column": 15
          },
          "end": {
            "line": 3,
            "column": 16
          }
        },
        "loc": {
          "start": {
            "line": 3,
            "column": 21
          },
          "end": {
            "line": 27,
            "column": 1
          }
        },
        "line": 3
      }
    },
    "branchMap": {},
    "s": {
      "0": 23,
      "1": 16
    },
    "f": {
      "0": 16
    },
    "b": {},
    "_coverageSchema": "1a1c01bbd47fc00a2c39e90264f33305004495a9",
    "hash": "0b80f92a5ba89e4f3abd2d7953584f9137caca59"
  },
  "C:\\Projects\\Tasks\\questionnaire\\src\\pages\\Advice\\components\\Textarea\\Textarea.jsx": {
    "path": "C:\\Projects\\Tasks\\questionnaire\\src\\pages\\Advice\\components\\Textarea\\Textarea.jsx",
    "statementMap": {
      "0": {
        "start": {
          "line": 3,
          "column": 17
        },
        "end": {
          "line": 18,
          "column": 1
        }
      },
      "1": {
        "start": {
          "line": 4,
          "column": 2
        },
        "end": {
          "line": 17,
          "column": 4
        }
      }
    },
    "fnMap": {
      "0": {
        "name": "(anonymous_0)",
        "decl": {
          "start": {
            "line": 3,
            "column": 17
          },
          "end": {
            "line": 3,
            "column": 18
          }
        },
        "loc": {
          "start": {
            "line": 3,
            "column": 59
          },
          "end": {
            "line": 18,
            "column": 1
          }
        },
        "line": 3
      }
    },
    "branchMap": {},
    "s": {
      "0": 23,
      "1": 388
    },
    "f": {
      "0": 388
    },
    "b": {},
    "_coverageSchema": "1a1c01bbd47fc00a2c39e90264f33305004495a9",
    "hash": "1fda7d5fea9dc64ce4ad8c3f2c5f8ea30eabafc1"
  },
  "C:\\Projects\\Tasks\\questionnaire\\src\\Helpers\\Schema\\AdviceSchema.js": {
    "path": "C:\\Projects\\Tasks\\questionnaire\\src\\Helpers\\Schema\\AdviceSchema.js",
    "statementMap": {
      "0": {
        "start": {
          "line": 3,
          "column": 28
        },
        "end": {
          "line": 10,
          "column": 13
        }
      }
    },
    "fnMap": {},
    "branchMap": {},
    "s": {
      "0": 23
    },
    "f": {},
    "b": {},
    "_coverageSchema": "1a1c01bbd47fc00a2c39e90264f33305004495a9",
    "hash": "6284a28eb1b722e51ce3c004a514664220805515"
  },
  "C:\\Projects\\Tasks\\questionnaire\\src\\features\\advice\\adviceSlice.js": {
    "path": "C:\\Projects\\Tasks\\questionnaire\\src\\features\\advice\\adviceSlice.js",
    "statementMap": {
      "0": {
        "start": {
          "line": 3,
          "column": 21
        },
        "end": {
          "line": 8,
          "column": 1
        }
      },
      "1": {
        "start": {
          "line": 10,
          "column": 27
        },
        "end": {
          "line": 33,
          "column": 2
        }
      },
      "2": {
        "start": {
          "line": 15,
          "column": 6
        },
        "end": {
          "line": 15,
          "column": 49
        }
      },
      "3": {
        "start": {
          "line": 18,
          "column": 6
        },
        "end": {
          "line": 18,
          "column": 56
        }
      },
      "4": {
        "start": {
          "line": 21,
          "column": 6
        },
        "end": {
          "line": 21,
          "column": 57
        }
      },
      "5": {
        "start": {
          "line": 24,
          "column": 6
        },
        "end": {
          "line": 24,
          "column": 59
        }
      },
      "6": {
        "start": {
          "line": 27,
          "column": 6
        },
        "end": {
          "line": 27,
          "column": 39
        }
      },
      "7": {
        "start": {
          "line": 28,
          "column": 6
        },
        "end": {
          "line": 28,
          "column": 46
        }
      },
      "8": {
        "start": {
          "line": 29,
          "column": 6
        },
        "end": {
          "line": 29,
          "column": 45
        }
      },
      "9": {
        "start": {
          "line": 30,
          "column": 6
        },
        "end": {
          "line": 30,
          "column": 47
        }
      },
      "10": {
        "start": {
          "line": 42,
          "column": 4
        },
        "end": {
          "line": 42,
          "column": 23
        }
      }
    },
    "fnMap": {
      "0": {
        "name": "(anonymous_0)",
        "decl": {
          "start": {
            "line": 14,
            "column": 15
          },
          "end": {
            "line": 14,
            "column": 16
          }
        },
        "loc": {
          "start": {
            "line": 14,
            "column": 34
          },
          "end": {
            "line": 16,
            "column": 5
          }
        },
        "line": 14
      },
      "1": {
        "name": "(anonymous_1)",
        "decl": {
          "start": {
            "line": 17,
            "column": 15
          },
          "end": {
            "line": 17,
            "column": 16
          }
        },
        "loc": {
          "start": {
            "line": 17,
            "column": 34
          },
          "end": {
            "line": 19,
            "column": 5
          }
        },
        "line": 17
      },
      "2": {
        "name": "(anonymous_2)",
        "decl": {
          "start": {
            "line": 20,
            "column": 17
          },
          "end": {
            "line": 20,
            "column": 18
          }
        },
        "loc": {
          "start": {
            "line": 20,
            "column": 36
          },
          "end": {
            "line": 22,
            "column": 5
          }
        },
        "line": 20
      },
      "3": {
        "name": "(anonymous_3)",
        "decl": {
          "start": {
            "line": 23,
            "column": 20
          },
          "end": {
            "line": 23,
            "column": 21
          }
        },
        "loc": {
          "start": {
            "line": 23,
            "column": 39
          },
          "end": {
            "line": 25,
            "column": 5
          }
        },
        "line": 23
      },
      "4": {
        "name": "(anonymous_4)",
        "decl": {
          "start": {
            "line": 26,
            "column": 17
          },
          "end": {
            "line": 26,
            "column": 18
          }
        },
        "loc": {
          "start": {
            "line": 26,
            "column": 28
          },
          "end": {
            "line": 31,
            "column": 5
          }
        },
        "line": 26
      }
    },
    "branchMap": {},
    "s": {
      "0": 23,
      "1": 23,
      "2": 194,
      "3": 194,
      "4": 194,
      "5": 194,
      "6": 8,
      "7": 8,
      "8": 8,
      "9": 8,
      "10": 23
    },
    "f": {
      "0": 194,
      "1": 194,
      "2": 194,
      "3": 194,
      "4": 8
    },
    "b": {},
    "_coverageSchema": "1a1c01bbd47fc00a2c39e90264f33305004495a9",
    "hash": "85f86dfa885ef336b4c2c1b4de403a57a4b745aa"
  },
  "C:\\Projects\\Tasks\\questionnaire\\src\\features\\submit\\submitService.js": {
    "path": "C:\\Projects\\Tasks\\questionnaire\\src\\features\\submit\\submitService.js",
    "statementMap": {
      "0": {
        "start": {
          "line": 6,
          "column": 18
        },
        "end": {
          "line": 15,
          "column": 1
        }
      },
      "1": {
        "start": {
          "line": 17,
          "column": 18
        },
        "end": {
          "line": 34,
          "column": 1
        }
      },
      "2": {
        "start": {
          "line": 37,
          "column": 19
        },
        "end": {
          "line": 47,
          "column": 1
        }
      },
      "3": {
        "start": {
          "line": 38,
          "column": 18
        },
        "end": {
          "line": 38,
          "column": 50
        }
      },
      "4": {
        "start": {
          "line": 40,
          "column": 18
        },
        "end": {
          "line": 44,
          "column": 4
        }
      },
      "5": {
        "start": {
          "line": 45,
          "column": 2
        },
        "end": {
          "line": 45,
          "column": 23
        }
      },
      "6": {
        "start": {
          "line": 46,
          "column": 2
        },
        "end": {
          "line": 46,
          "column": 28
        }
      },
      "7": {
        "start": {
          "line": 49,
          "column": 22
        },
        "end": {
          "line": 51,
          "column": 1
        }
      }
    },
    "fnMap": {
      "0": {
        "name": "(anonymous_0)",
        "decl": {
          "start": {
            "line": 37,
            "column": 19
          },
          "end": {
            "line": 37,
            "column": 20
          }
        },
        "loc": {
          "start": {
            "line": 37,
            "column": 44
          },
          "end": {
            "line": 47,
            "column": 1
          }
        },
        "line": 37
      }
    },
    "branchMap": {},
    "s": {
      "0": 23,
      "1": 23,
      "2": 23,
      "3": 8,
      "4": 8,
      "5": 4,
      "6": 4,
      "7": 23
    },
    "f": {
      "0": 8
    },
    "b": {},
    "_coverageSchema": "1a1c01bbd47fc00a2c39e90264f33305004495a9",
    "hash": "0b6d24d9fb2fc549fdf09c782c03030bdf798a55"
  },
  "C:\\Projects\\Tasks\\questionnaire\\src\\features\\submit\\submitSlice.js": {
    "path": "C:\\Projects\\Tasks\\questionnaire\\src\\features\\submit\\submitSlice.js",
    "statementMap": {
      "0": {
        "start": {
          "line": 4,
          "column": 26
        },
        "end": {
          "line": 15,
          "column": 1
        }
      },
      "1": {
        "start": {
          "line": 7,
          "column": 4
        },
        "end": {
          "line": 13,
          "column": 5
        }
      },
      "2": {
        "start": {
          "line": 9,
          "column": 6
        },
        "end": {
          "line": 9,
          "column": 59
        }
      },
      "3": {
        "start": {
          "line": 12,
          "column": 6
        },
        "end": {
          "line": 12,
          "column": 44
        }
      },
      "4": {
        "start": {
          "line": 17,
          "column": 21
        },
        "end": {
          "line": 20,
          "column": 1
        }
      },
      "5": {
        "start": {
          "line": 22,
          "column": 27
        },
        "end": {
          "line": 43,
          "column": 2
        }
      },
      "6": {
        "start": {
          "line": 27,
          "column": 6
        },
        "end": {
          "line": 27,
          "column": 24
        }
      },
      "7": {
        "start": {
          "line": 32,
          "column": 6
        },
        "end": {
          "line": 32,
          "column": 31
        }
      },
      "8": {
        "start": {
          "line": 35,
          "column": 6
        },
        "end": {
          "line": 35,
          "column": 33
        }
      },
      "9": {
        "start": {
          "line": 38,
          "column": 6
        },
        "end": {
          "line": 38,
          "column": 32
        }
      },
      "10": {
        "start": {
          "line": 40,
          "column": 6
        },
        "end": {
          "line": 40,
          "column": 35
        }
      },
      "11": {
        "start": {
          "line": 46,
          "column": 31
        },
        "end": {
          "line": 46,
          "column": 50
        }
      }
    },
    "fnMap": {
      "0": {
        "name": "(anonymous_0)",
        "decl": {
          "start": {
            "line": 6,
            "column": 2
          },
          "end": {
            "line": 6,
            "column": 3
          }
        },
        "loc": {
          "start": {
            "line": 6,
            "column": 54
          },
          "end": {
            "line": 14,
            "column": 3
          }
        },
        "line": 6
      },
      "1": {
        "name": "(anonymous_1)",
        "decl": {
          "start": {
            "line": 26,
            "column": 17
          },
          "end": {
            "line": 26,
            "column": 18
          }
        },
        "loc": {
          "start": {
            "line": 26,
            "column": 28
          },
          "end": {
            "line": 28,
            "column": 5
          }
        },
        "line": 26
      },
      "2": {
        "name": "(anonymous_2)",
        "decl": {
          "start": {
            "line": 31,
            "column": 26
          },
          "end": {
            "line": 31,
            "column": 27
          }
        },
        "loc": {
          "start": {
            "line": 31,
            "column": 37
          },
          "end": {
            "line": 33,
            "column": 5
          }
        },
        "line": 31
      },
      "3": {
        "name": "(anonymous_3)",
        "decl": {
          "start": {
            "line": 34,
            "column": 28
          },
          "end": {
            "line": 34,
            "column": 29
          }
        },
        "loc": {
          "start": {
            "line": 34,
            "column": 39
          },
          "end": {
            "line": 36,
            "column": 5
          }
        },
        "line": 34
      },
      "4": {
        "name": "(anonymous_4)",
        "decl": {
          "start": {
            "line": 37,
            "column": 27
          },
          "end": {
            "line": 37,
            "column": 28
          }
        },
        "loc": {
          "start": {
            "line": 37,
            "column": 46
          },
          "end": {
            "line": 41,
            "column": 5
          }
        },
        "line": 37
      }
    },
    "branchMap": {},
    "s": {
      "0": 23,
      "1": 8,
      "2": 8,
      "3": 4,
      "4": 23,
      "5": 23,
      "6": 8,
      "7": 8,
      "8": 4,
      "9": 4,
      "10": 4,
      "11": 23
    },
    "f": {
      "0": 8,
      "1": 8,
      "2": 8,
      "3": 4,
      "4": 4
    },
    "b": {},
    "_coverageSchema": "1a1c01bbd47fc00a2c39e90264f33305004495a9",
    "hash": "e79a65d6e5aa15c00d20070b92c757ce45c484a9"
  },
  "C:\\Projects\\Tasks\\questionnaire\\src\\pages\\Advice\\Advice.jsx": {
    "path": "C:\\Projects\\Tasks\\questionnaire\\src\\pages\\Advice\\Advice.jsx",
    "statementMap": {
      "0": {
        "start": {
          "line": 29,
          "column": 15
        },
        "end": {
          "line": 229,
          "column": 1
        }
      },
      "1": {
        "start": {
          "line": 36,
          "column": 6
        },
        "end": {
          "line": 36,
          "column": 42
        }
      },
      "2": {
        "start": {
          "line": 36,
          "column": 29
        },
        "end": {
          "line": 36,
          "column": 41
        }
      },
      "3": {
        "start": {
          "line": 38,
          "column": 4
        },
        "end": {
          "line": 38,
          "column": 39
        }
      },
      "4": {
        "start": {
          "line": 38,
          "column": 27
        },
        "end": {
          "line": 38,
          "column": 38
        }
      },
      "5": {
        "start": {
          "line": 39,
          "column": 43
        },
        "end": {
          "line": 41,
          "column": 3
        }
      },
      "6": {
        "start": {
          "line": 40,
          "column": 15
        },
        "end": {
          "line": 40,
          "column": 35
        }
      },
      "7": {
        "start": {
          "line": 42,
          "column": 59
        },
        "end": {
          "line": 44,
          "column": 3
        }
      },
      "8": {
        "start": {
          "line": 43,
          "column": 15
        },
        "end": {
          "line": 43,
          "column": 30
        }
      },
      "9": {
        "start": {
          "line": 45,
          "column": 21
        },
        "end": {
          "line": 45,
          "column": 57
        }
      },
      "10": {
        "start": {
          "line": 45,
          "column": 44
        },
        "end": {
          "line": 45,
          "column": 56
        }
      },
      "11": {
        "start": {
          "line": 47,
          "column": 24
        },
        "end": {
          "line": 62,
          "column": 3
        }
      },
      "12": {
        "start": {
          "line": 65,
          "column": 2
        },
        "end": {
          "line": 67,
          "column": 3
        }
      },
      "13": {
        "start": {
          "line": 66,
          "column": 4
        },
        "end": {
          "line": 66,
          "column": 62
        }
      },
      "14": {
        "start": {
          "line": 69,
          "column": 2
        },
        "end": {
          "line": 71,
          "column": 3
        }
      },
      "15": {
        "start": {
          "line": 70,
          "column": 4
        },
        "end": {
          "line": 70,
          "column": 56
        }
      },
      "16": {
        "start": {
          "line": 74,
[...]
          "column": 4
        },
        "end": {
          "line": 8,
          "column": 18
        }
      },
      "4": {
        "start": {
          "line": 10,
          "column": 2
        },
        "end": {
          "line": 35,
          "column": 4
        }
      }
    },
    "fnMap": {
      "0": {
        "name": "(anonymous_0)",
        "decl": {
          "start": {
            "line": 4,
            "column": 18
          },
          "end": {
            "line": 4,
            "column": 19
          }
        },
        "loc": {
          "start": {
            "line": 4,
            "column": 24
          },
          "end": {
            "line": 36,
            "column": 1
          }
        },
        "line": 4
      },
      "1": {
        "name": "(anonymous_1)",
        "decl": {
          "start": {
            "line": 7,
            "column": 22
          },
          "end": {
            "line": 7,
            "column": 23
          }
        },
        "loc": {
          "start": {
            "line": 7,
            "column": 28
          },
          "end": {
            "line": 9,
            "column": 3
          }
        },
        "line": 7
      }
    },
    "branchMap": {},
    "s": {
      "0": 23,
      "1": 4,
      "2": 4,
      "3": 2,
      "4": 4
    },
    "f": {
      "0": 4,
      "1": 2
    },
    "b": {},
    "_coverageSchema": "1a1c01bbd47fc00a2c39e90264f33305004495a9",
    "hash": "55c6b92cfe7604f7b22ebb727786638a4c2df81d"
  },
  "C:\\Projects\\Tasks\\questionnaire\\src\\pages\\index.js": {
    "path": "C:\\Projects\\Tasks\\questionnaire\\src\\pages\\index.js",
    "statementMap": {},
    "fnMap": {},
    "branchMap": {},
    "s": {},
    "f": {},
    "b": {},
    "_coverageSchema": "1a1c01bbd47fc00a2c39e90264f33305004495a9",
    "hash": "c17f46f10606705e9d3a0fbeaf9bd46970140292"
  },
  "C:\\Projects\\Tasks\\questionnaire\\src\\layout\\components\\Header\\Header.jsx": {
    "path": "C:\\Projects\\Tasks\\questionnaire\\src\\layout\\components\\Header\\Header.jsx",
    "statementMap": {
      "0": {
        "start": {
          "line": 4,
          "column": 15
        },
        "end": {
          "line": 32,
          "column": 1
        }
      },
      "1": {
        "start": {
          "line": 5,
          "column": 19
        },
        "end": {
          "line": 5,
          "column": 32
        }
      },
      "2": {
        "start": {
          "line": 6,
          "column": 38
        },
        "end": {
          "line": 6,
          "column": 50
        }
      },
      "3": {
        "start": {
          "line": 8,
          "column": 2
        },
        "end": {
          "line": 22,
          "column": 26
        }
      },
      "4": {
        "start": {
          "line": 9,
          "column": 4
        },
        "end": {
          "line": 21,
          "column": 5
        }
      },
      "5": {
        "start": {
          "line": 11,
          "column": 8
        },
        "end": {
          "line": 11,
          "column": 29
        }
      },
      "6": {
        "start": {
          "line": 12,
          "column": 8
        },
        "end": {
          "line": 12,
          "column": 14
        }
      },
      "7": {
        "start": {
          "line": 14,
          "column": 8
        },
        "end": {
          "line": 14,
          "column": 29
        }
      },
      "8": {
        "start": {
          "line": 15,
          "column": 8
        },
        "end": {
          "line": 15,
          "column": 14
        }
      },
      "9": {
        "start": {
          "line": 17,
          "column": 8
        },
        "end": {
          "line": 17,
          "column": 29
        }
      },
      "10": {
        "start": {
          "line": 18,
          "column": 8
        },
        "end": {
          "line": 18,
          "column": 14
        }
      },
      "11": {
        "start": {
          "line": 20,
          "column": 8
        },
        "end": {
          "line": 20,
          "column": 29
        }
      },
      "12": {
        "start": {
          "line": 24,
          "column": 2
        },
        "end": {
          "line": 31,
          "column": 4
        }
      }
    },
    "fnMap": {
      "0": {
        "name": "(anonymous_0)",
        "decl": {
          "start": {
            "line": 4,
            "column": 15
          },
          "end": {
            "line": 4,
            "column": 16
          }
        },
        "loc": {
          "start": {
            "line": 4,
            "column": 21
          },
          "end": {
            "line": 32,
            "column": 1
          }
        },
        "line": 4
      },
      "1": {
        "name": "(anonymous_1)",
        "decl": {
          "start": {
            "line": 8,
            "column": 12
          },
          "end": {
            "line": 8,
            "column": 13
          }
        },
        "loc": {
          "start": {
            "line": 8,
            "column": 18
          },
          "end": {
            "line": 22,
            "column": 3
          }
        },
        "line": 8
      }
    },
    "branchMap": {
      "0": {
        "loc": {
          "start": {
            "line": 9,
            "column": 4
          },
          "end": {
            "line": 21,
            "column": 5
          }
        },
        "type": "switch",
        "locations": [
          {
            "start": {
              "line": 10,
              "column": 6
            },
            "end": {
              "line": 12,
              "column": 14
            }
          },
          {
            "start": {
              "line": 13,
              "column": 6
            },
            "end": {
              "line": 15,
              "column": 14
            }
          },
          {
            "start": {
              "line": 16,
              "column": 6
            },
            "end": {
              "line": 18,
              "column": 14
            }
          },
          {
            "start": {
              "line": 19,
              "column": 6
            },
            "end": {
              "line": 20,
              "column": 29
            }
          }
        ],
        "line": 9
      }
    },
    "s": {
      "0": 23,
      "1": 120,
      "2": 120,
      "3": 120,
      "4": 60,
      "5": 10,
      "6": 10,
      "7": 16,
      "8": 16,
      "9": 18,
      "10": 18,
      "11": 16,
      "12": 120
    },
    "f": {
      "0": 120,
      "1": 60
    },
    "b": {
      "0": [
        10,
        16,
        18,
        16
      ]
    },
    "_coverageSchema": "1a1c01bbd47fc00a2c39e90264f33305004495a9",
    "hash": "a386ad714a2f7e2b970e96feb701f59e2b12612e"
  },
  "C:\\Projects\\Tasks\\questionnaire\\src\\layout\\components\\Pagination\\Pagination.jsx": {
    "path": "C:\\Projects\\Tasks\\questionnaire\\src\\layout\\components\\Pagination\\Pagination.jsx",
    "statementMap": {
      "0": {
        "start": {
          "line": 4,
          "column": 19
        },
        "end": {
          "line": 97,
          "column": 1
        }
      },
      "1": {
        "start": {
          "line": 5,
          "column": 19
        },
        "end": {
          "line": 5,
          "column": 32
        }
      },
      "2": {
        "start": {
          "line": 6,
          "column": 19
        },
        "end": {
          "line": 6,
          "column": 32
        }
      },
      "3": {
        "start": {
          "line": 8,
          "column": 26
        },
        "end": {
          "line": 21,
          "column": 3
        }
      },
      "4": {
        "start": {
          "line": 9,
          "column": 4
        },
        "end": {
          "line": 20,
          "column": 5
        }
      },
      "5": {
        "start": {
          "line": 11,
          "column": 8
        },
        "end": {
          "line": 11,
          "column": 36
        }
      },
      "6": {
        "start": {
          "line": 12,
          "column": 8
        },
        "end": {
          "line": 12,
          "column": 14
        }
      },
      "7": {
        "start": {
          "line": 14,
          "column": 8
        },
        "end": {
          "line": 14,
          "column": 27
        }
      },
      "8": {
        "start": {
          "line": 15,
          "column": 8
        },
        "end": {
          "line": 15,
          "column": 14
        }
      },
      "9": {
        "start": {
          "line": 18,
          "column": 8
        },
        "end": {
          "line": 18,
          "column": 31
        }
      },
      "10": {
        "start": {
          "line": 19,
          "column": 8
        },
        "end": {
          "line": 19,
          "column": 14
        }
      },
      "11": {
        "start": {
          "line": 24,
          "column": 30
        },
        "end": {
          "line": 24,
          "column": 42
        }
      },
      "12": {
        "start": {
          "line": 25,
          "column": 2
        },
        "end": {
          "line": 43,
          "column": 17
        }
      },
      "13": {
        "start": {
          "line": 26,
          "column": 4
        },
        "end": {
          "line": 42,
          "column": 5
        }
      },
      "14": {
        "start": {
          "line": 28,
          "column": 8
        },
        "end": {
          "line": 28,
          "column": 41
        }
      },
      "15": {
        "start": {
          "line": 29,
          "column": 8
        },
        "end": {
          "line": 29,
          "column": 14
        }
      },
      "16": {
        "start": {
          "line": 32,
          "column": 8
        },
        "end": {
          "line": 32,
          "column": 32
        }
      },
      "17": {
        "start": {
          "line": 33,
          "column": 8
        },
        "end": {
          "line": 33,
          "column": 14
        }
      },
      "18": {
        "start": {
          "line": 36,
          "column": 8
        },
        "end": {
          "line": 36,
          "column": 36
        }
      },
      "19": {
        "start": {
          "line": 37,
          "column": 8
        },
        "end": {
          "line": 37,
          "column": 14
        }
      },
      "20": {
        "start": {
          "line": 40,
          "column": 8
        },
        "end": {
          "line": 40,
          "column": 33
        }
      },
      "21": {
        "start": {
          "line": 41,
          "column": 8
        },
        "end": {
          "line": 41,
          "column": 14
        }
      },
      "22": {
        "start": {
          "line": 45,
          "column": 2
        },
        "end": {
          "line": 96,
          "column": 4
        }
      }
    },
    "fnMap": {
      "0": {
        "name": "(anonymous_0)",
        "decl": {
          "start": {
            "line": 4,
            "column": 19
          },
          "end": {
            "line": 4,
            "column": 20
          }
        },
        "loc": {
          "start": {
            "line": 4,
            "column": 25
          },
          "end": {
            "line": 97,
            "column": 1
          }
        },
        "line": 4
      },
      "1": {
        "name": "(anonymous_1)",
        "decl": {
          "start": {
            "line": 8,
            "column": 26
          },
          "end": {
            "line": 8,
            "column": 27
          }
        },
        "loc": {
          "start": {
            "line": 8,
            "column": 32
          },
          "end": {
            "line": 21,
            "column": 3
          }
        },
        "line": 8
      },
      "2": {
        "name": "(anonymous_2)",
        "decl": {
          "start": {
            "line": 25,
            "column": 12
          },
          "end": {
            "line": 25,
            "column": 13
          }
        },
        "loc": {
          "start": {
            "line": 25,
            "column": 18
          },
          "end": {
            "line": 43,
            "column": 3
          }
        },
        "line": 25
      }
    },
    "branchMap": {
      "0": {
        "loc": {
          "start": {
            "line": 9,
            "column": 4
          },
          "end": {
            "line": 20,
            "column": 5
          }
        },
        "type": "switch",
        "locations": [
          {
            "start": {
              "line": 10,
              "column": 6
            },
            "end": {
              "line": 12,
              "column": 14
            }
          },
          {
            "start": {
              "line": 13,
              "column": 6
            },
            "end": {
              "line": 15,
              "column": 14
            }
          },
          {
            "start": {
              "line": 17,
              "column": 6
            },
            "end": {
              "line": 19,
              "column": 14
            }
          }
        ],
        "line": 9
      },
      "1": {
        "loc": {
          "start": {
            "line": 26,
            "column": 4
          },
          "end": {
            "line": 42,
            "column": 5
          }
        },
        "type": "switch",
        "locations": [
          {
            "start": {
              "line": 27,
              "column": 6
            },
            "end": {
              "line": 29,
              "column": 14
            }
          },
          {
            "start": {
              "line": 31,
              "column": 6
            },
            "end": {
              "line": 33,
              "column": 14
            }
          },
          {
            "start": {
              "line": 35,
              "column": 6
            },
            "end": {
              "line": 37,
              "column": 14
            }
          },
          {
            "start": {
              "line": 39,
              "column": 6
            },
            "end": {
              "line": 41,
              "column": 14
            }
          }
        ],
        "line": 26
      },
      "2": {
        "loc": {
          "start": {
            "line": 52,
            "column": 12
          },
          "end": {
            "line": 54,
            "column": 33
          }
        },
        "type": "cond-expr",
        "locations": [
          {
            "start": {
              "line": 53,
              "column": 16
            },
            "end": {
              "line": 53,
              "column": 27
            }
          },
          {
            "start": {
              "line": 54,
              "column": 16
            },
            "end": {
              "line": 54,
              "column": 33
            }
          }
        ],
        "line": 52
      },
      "3": {
        "loc": {
          "start": {
            "line": 77,
            "column": 12
          },
          "end": {
            "line": 77,
            "column": 76
          }
        },
        "type": "cond-expr",
        "locations": [
          {
            "start": {
              "line": 77,
              "column": 46
            },
            "end": {
              "line": 77,
              "column": 57
            }
          },
          {
            "start": {
              "line": 77,
              "column": 60
            },
            "end": {
              "line": 77,
              "column": 76
            }
          }
        ],
        "line": 77
      }
    },
    "s": {
      "0": 23,
      "1": 120,
      "2": 120,
      "3": 120,
      "4": 12,
      "5": 1,
      "6": 1,
      "7": 6,
      "8": 6,
      "9": 5,
      "10": 5,
      "11": 120,
      "12": 120,
      "13": 60,
      "14": 10,
      "15": 10,
      "16": 16,
      "17": 16,
      "18": 18,
      "19": 18,
      "20": 16,
      "21": 16,
      "22": 120
    },
    "f": {
      "0": 120,
      "1": 12,
      "2": 60
    },
    "b": {
      "0": [
        1,
        6,
        5
      ],
      "1": [
        10,
        16,
        18,
        16
      ],
      "2": [
        20,
        100
      ],
      "3": [
        32,
        88
      ]
    },
    "_coverageSchema": "1a1c01bbd47fc00a2c39e90264f33305004495a9",
    "hash": "ff912cc4fe79bb79ccf5affbad12b74e5d63b86d"
  },
  "C:\\Projects\\Tasks\\questionnaire\\src\\layout\\Layout.jsx": {
    "path": "C:\\Projects\\Tasks\\questionnaire\\src\\layout\\Layout.jsx",
    "statementMap": {
      "0": {
        "start": {
          "line": 6,
          "column": 15
        },
        "end": {
          "line": 14,
          "column": 1
        }
      },
      "1": {
        "start": {
          "line": 7,
          "column": 2
        },
        "end": {
          "line": 13,
          "column": 4
        }
      }
    },
    "fnMap": {
      "0": {
        "name": "(anonymous_0)",
        "decl": {
          "start": {
            "line": 6,
            "column": 15
          },
          "end": {
            "line": 6,
            "column": 16
          }
        },
        "loc": {
          "start": {
            "line": 6,
            "column": 21
          },
          "end": {
            "line": 14,
            "column": 1
          }
        },
        "line": 6
      }
    },
    "branchMap": {},
    "s": {
      "0": 23,
      "1": 23
    },
    "f": {
      "0": 23
    },
    "b": {},
    "_coverageSchema": "1a1c01bbd47fc00a2c39e90264f33305004495a9",
    "hash": "4f02f9117dc33afc54622bf21a8b01821abf1e1c"
  },
  "C:\\Projects\\Tasks\\questionnaire\\src\\App.jsx": {
    "path": "C:\\Projects\\Tasks\\questionnaire\\src\\App.jsx",
    "statementMap": {
      "0": {
        "start": {
          "line": 14,
          "column": 2
        },
        "end": {
          "line": 28,
          "column": 4
        }
      }
    },
    "fnMap": {
      "0": {
        "name": "App",
        "decl": {
          "start": {
            "line": 13,
            "column": 9
          },
          "end": {
            "line": 13,
            "column": 12
          }
        },
        "loc": {
          "start": {
            "line": 13,
            "column": 15
          },
          "end": {
            "line": 29,
            "column": 1
          }
        },
        "line": 13
      }
    },
    "branchMap": {},
    "s": {
      "0": 23
    },
    "f": {
      "0": 23
    },
    "b": {},
    "_coverageSchema": "1a1c01bbd47fc00a2c39e90264f33305004495a9",
    "hash": "6a15e064830242efc900487950cc975d99152df3"
  },
  "C:\\Projects\\Tasks\\questionnaire\\src\\app\\store.js": {
    "path": "C:\\Projects\\Tasks\\questionnaire\\src\\app\\store.js",
    "statementMap": {
      "0": {
        "start": {
          "line": 9,
          "column": 21
        },
        "end": {
          "line": 17,
          "column": 2
        }
      }
    },
    "fnMap": {},
    "branchMap": {},
    "s": {
      "0": 23
    },
    "f": {},
    "b": {},
    "_coverageSchema": "1a1c01bbd47fc00a2c39e90264f33305004495a9",
    "hash": "10263499490ecfe9fb8c36ceb5b3afcf11799ba8"
  },
  "C:\\Projects\\Tasks\\questionnaire\\src\\index.js": {
    "path": "C:\\Projects\\Tasks\\questionnaire\\src\\index.js",
    "statementMap": {
      "0": {
        "start": {
          "line": 10,
          "column": 13
        },
        "end": {
          "line": 10,
          "column": 65
        }
      },
      "1": {
        "start": {
          "line": 11,
          "column": 0
        },
        "end": {
          "line": 17,
          "column": 2
        }
      }
    },
    "fnMap": {},
    "branchMap": {},
    "s": {
      "0": 23,
      "1": 23
    },
    "f": {},
    "b": {},
    "_coverageSchema": "1a1c01bbd47fc00a2c39e90264f33305004495a9",
    "hash": "34e0be9b46087e488ddc5ac15d58527f1ad5a314"
  }
}